2026-01-21 23:51:59,627 DEBUG InfoUserService - nome:GCONDruolo:User
2026-01-21 23:51:59,627 DEBUG InfoUserService - nome:GCONDruolo:User
2026-01-21 23:51:59,692 DEBUG RCPWorkbenchAdvisor - dopo aggiornamenti
2026-01-21 23:51:59,693 DEBUG DesktopAdvisor - preStartup
2026-01-21 23:51:59,701 DEBUG DesktopAdvisor - postStartup
2026-01-21 23:51:59,777 DEBUG WindowAdvisor - preWindowOpen
2026-01-21 23:52:00,100 DEBUG get Utente Bean - Utente Bean null
2026-01-21 23:52:00,100 DEBUG UtenteiBean - Chiamata a imposta utente bean
2026-01-21 23:52:00,101 DEBUG UtenteiBean - Subject: Oggetto:
	Principal: UserPrincipal [name=GCOND, roles=[User]]
	Credenziale pubblica: [User]

2026-01-21 23:52:00,101 DEBUG UtenteiBean - Utente: GCOND
2026-01-21 23:52:00,102 INFO  DerbyHandler - Apertura del database C:\Users\tonio\Desktop\FISCO\DesktopTelematico/databases/Desktop avvenuta con successo.
2026-01-21 23:52:00,103 INFO  DerbyHandler - Apertura del database C:\Users\tonio\Desktop\FISCO\DesktopTelematico/databases/Desktop avvenuta con successo.
2026-01-21 23:52:00,103 DEBUG UtenteiBean - Nome Utente: GCOND
2026-01-21 23:52:00,103 DEBUG UtenteiBean - Path Utente: C:/Users/tonio/Documents/GCOND/GCOND/
2026-01-21 23:52:00,275 DEBUG WindowAdvisor - postWindowCreate
2026-01-21 23:52:00,923 DEBUG MenusHandler - item:it.sogei.rcp.core.menu.file class:org.eclipse.jface.action.MenuManager
2026-01-21 23:52:00,923 DEBUG MenusHandler - item:it.sogei.telematico.application.menu.applicazioni class:org.eclipse.jface.action.MenuManager
2026-01-21 23:52:00,923 DEBUG MenusHandler - item:it.sogei.rcp.core.menu.help class:org.eclipse.jface.action.MenuManager
2026-01-21 23:52:00,928 DEBUG WindowAdvisor - postWindowOpen
2026-01-21 23:52:00,947 INFO  P2Util - Ricerca aggiornamenti...
2026-01-21 23:54:36,490 INFO  DesktopAdvisor - preShutdown
2026-01-21 23:54:36,491 INFO  DesktopAdvisor - chiamo la macFix
2026-01-21 23:54:36,491 INFO  DesktopAdvisor - filePathJreLibSecurity C:\Users\tonio\Desktop\FISCO\DesktopTelematico\jre\lib\security\cacerts
2026-01-21 23:54:36,491 INFO  DesktopAdvisor - chiamo la sslFix
2026-01-21 23:54:36,491 ERROR DesktopAdvisor - preShutdown:C:\DesktopTelematico\file.txt (Impossibile trovare il percorso specificato)
2026-01-21 23:54:37,822 DEBUG WindowAdvisor - postWindowClose
2026-01-21 23:54:37,822 DEBUG DesktopAdvisor - postShutdown
2026-01-21 23:54:54,481 DEBUG InfoUserService - nome:GCONDruolo:User
2026-01-21 23:54:54,481 DEBUG InfoUserService - nome:GCONDruolo:User
2026-01-21 23:54:54,541 DEBUG RCPWorkbenchAdvisor - dopo aggiornamenti
2026-01-21 23:54:54,542 DEBUG DesktopAdvisor - preStartup
2026-01-21 23:54:54,545 DEBUG DesktopAdvisor - postStartup
2026-01-21 23:54:54,620 DEBUG WindowAdvisor - preWindowOpen
2026-01-21 23:54:54,884 DEBUG get Utente Bean - Utente Bean null
2026-01-21 23:54:54,884 DEBUG UtenteiBean - Chiamata a imposta utente bean
2026-01-21 23:54:54,884 DEBUG UtenteiBean - Subject: Oggetto:
	Principal: UserPrincipal [name=GCOND, roles=[User]]
	Credenziale pubblica: [User]

2026-01-21 23:54:54,884 DEBUG UtenteiBean - Utente: GCOND
2026-01-21 23:54:54,886 INFO  DerbyHandler - Apertura del database C:\Users\tonio\Desktop\FISCO\DesktopTelematico/databases/Desktop avvenuta con successo.
2026-01-21 23:54:54,886 INFO  DerbyHandler - Apertura del database C:\Users\tonio\Desktop\FISCO\DesktopTelematico/databases/Desktop avvenuta con successo.
2026-01-21 23:54:54,887 DEBUG UtenteiBean - Nome Utente: GCOND
2026-01-21 23:54:54,887 DEBUG UtenteiBean - Path Utente: C:/Users/tonio/Documents/GCOND/GCOND/
2026-01-21 23:54:54,960 DEBUG WindowAdvisor - postWindowCreate
2026-01-21 23:54:55,204 DEBUG MenusHandler - item:it.sogei.rcp.core.menu.file class:org.eclipse.jface.action.MenuManager
2026-01-21 23:54:55,204 DEBUG MenusHandler - item:it.sogei.telematico.application.menu.applicazioni class:org.eclipse.jface.action.MenuManager
2026-01-21 23:54:55,204 DEBUG MenusHandler - item:it.sogei.rcp.core.menu.help class:org.eclipse.jface.action.MenuManager
2026-01-21 23:54:55,210 DEBUG WindowAdvisor - postWindowOpen
2026-01-21 23:54:55,231 INFO  P2Util - Ricerca aggiornamenti...
2026-01-22 00:05:55,485 INFO  DesktopAdvisor - preShutdown
2026-01-22 00:05:55,485 INFO  DesktopAdvisor - chiamo la macFix
2026-01-22 00:05:55,486 INFO  DesktopAdvisor - filePathJreLibSecurity C:\Users\tonio\Desktop\FISCO\DesktopTelematico\jre\lib\security\cacerts
2026-01-22 00:05:55,486 INFO  DesktopAdvisor - chiamo la sslFix
2026-01-22 00:05:55,486 ERROR DesktopAdvisor - preShutdown:C:\DesktopTelematico\file.txt (Impossibile trovare il percorso specificato)
2026-01-22 00:05:56,480 DEBUG WindowAdvisor - postWindowClose
2026-01-22 00:05:56,481 DEBUG DesktopAdvisor - postShutdown
2026-01-22 00:06:45,331 DEBUG InfoUserService - nome:GCONDruolo:User
2026-01-22 00:06:45,331 DEBUG InfoUserService - nome:GCONDruolo:User
2026-01-22 00:06:45,412 DEBUG RCPWorkbenchAdvisor - dopo aggiornamenti
2026-01-22 00:06:45,412 DEBUG DesktopAdvisor - preStartup
2026-01-22 00:06:45,416 DEBUG DesktopAdvisor - postStartup
2026-01-22 00:06:45,500 DEBUG WindowAdvisor - preWindowOpen
2026-01-22 00:06:45,883 DEBUG get Utente Bean - Utente Bean null
2026-01-22 00:06:45,883 DEBUG UtenteiBean - Chiamata a imposta utente bean
2026-01-22 00:06:45,884 DEBUG UtenteiBean - Subject: Oggetto:
	Principal: UserPrincipal [name=GCOND, roles=[User]]
	Credenziale pubblica: [User]

2026-01-22 00:06:45,884 DEBUG UtenteiBean - Utente: GCOND
2026-01-22 00:06:45,885 INFO  DerbyHandler - Apertura del database C:\Users\tonio\Desktop\FISCO\DesktopTelematico/databases/Desktop avvenuta con successo.
2026-01-22 00:06:45,886 INFO  DerbyHandler - Apertura del database C:\Users\tonio\Desktop\FISCO\DesktopTelematico/databases/Desktop avvenuta con successo.
2026-01-22 00:06:45,886 DEBUG UtenteiBean - Nome Utente: GCOND
2026-01-22 00:06:45,886 DEBUG UtenteiBean - Path Utente: C:/Users/tonio/Documents/GCOND/GCOND/
2026-01-22 00:06:45,969 DEBUG WindowAdvisor - postWindowCreate
2026-01-22 00:06:46,249 DEBUG MenusHandler - item:it.sogei.rcp.core.menu.file class:org.eclipse.jface.action.MenuManager
2026-01-22 00:06:46,249 DEBUG MenusHandler - item:it.sogei.telematico.application.menu.applicazioni class:org.eclipse.jface.action.MenuManager
2026-01-22 00:06:46,249 DEBUG MenusHandler - item:it.sogei.telematico.fileinternet.menu.documenti class:org.eclipse.jface.action.MenuManager
2026-01-22 00:06:46,249 DEBUG MenusHandler - item:it.sogei.telematico.fileinternet.menu.strumenti class:org.eclipse.jface.action.MenuManager
2026-01-22 00:06:46,249 DEBUG MenusHandler - item:org.eclipse.core.internal.registry.ConfigurationElementHandle@cfd class:org.eclipse.jface.action.MenuManager
2026-01-22 00:06:46,249 DEBUG MenusHandler - item:it.sogei.rcp.core.menu.help class:org.eclipse.jface.action.MenuManager
2026-01-22 00:06:46,257 DEBUG WindowAdvisor - postWindowOpen
2026-01-22 00:06:46,282 INFO  P2Util - Ricerca aggiornamenti...
2026-01-22 00:07:45,671 INFO  Activator - Inizio creazione ambiente
2026-01-22 00:07:45,683 INFO  ZipFactory - (I) compressione tramite libreria java 
2026-01-22 00:07:45,729 DEBUG Activator - createCertstoreDir
2026-01-22 00:07:45,737 DEBUG Activator - createCertstoreDir/C:/Users/tonio/Desktop/FISCO/DesktopTelematico/configuration/org.eclipse.osgi/bundles/254/1/.cp/certstore/
2026-01-22 00:07:45,748 INFO  Activator - Creazione ambiente completata
2026-01-22 00:07:45,749 INFO  Activator - Caricamento controlli installati
2026-01-22 00:07:45,749 INFO  ControlloUtility - prima istanza di ControlliUtil
2026-01-22 00:07:45,749 INFO  ControlloUtility - initListaControlli
2026-01-22 00:07:45,750 INFO  ControlloUtility - Controllo Singolo: trovata extension con id it.sogei.controllo.dichiarazioni.2025.77025 da parte di:it.sogei.controllo.dichiarazioni.2025.m770
2026-01-22 00:07:45,750 DEBUG ControlloUtility - CS: CreazioneFileControllato: false - SelezioneNumeroFileUtente:true
2026-01-22 00:07:45,751 INFO  ControlloUtility - Controllo Singolo: trovata extension con id it.sogei.controllo.dichiarazioni.2025.RCU25 da parte di:it.sogei.controllo.dichiarazioni.2025.mRCU
2026-01-22 00:07:45,751 DEBUG ControlloUtility - CS: CreazioneFileControllato: false - SelezioneNumeroFileUtente:false
2026-01-22 00:07:45,751 INFO  ControlloUtility - initListaControlliMulti
2026-01-22 00:07:45,751 INFO  ControlloUtility - Controllo Multi : trovata extension con id it.sogei.controllo.dichiarazioni.2025.77025 da parte di:it.sogei.controllo.dichiarazioni.2025.m770
2026-01-22 00:07:45,751 DEBUG ControlloUtility - Controllo getControlloMultiFile: it.sogei.controllo.moduli.Controllo77025multi
2026-01-22 00:07:45,751 DEBUG ControlloUtility - MF: CreazioneFileControllato: false - SelezioneNumeroFileUtente:true
2026-01-22 00:07:45,751 DEBUG ControlloUtility - listaControlliMulti: null
2026-01-22 00:07:45,751 INFO  ControlloUtility - Controllo Multi : trovata extension con id it.sogei.controllo.dichiarazioni.2025.RCU25 da parte di:it.sogei.controllo.dichiarazioni.2025.mRCU
2026-01-22 00:07:45,751 DEBUG ControlloUtility - Controllo getControlloMultiFile: null
2026-01-22 00:07:45,751 DEBUG ControlloUtility - MF: CreazioneFileControllato: false - SelezioneNumeroFileUtente:false
2026-01-22 00:07:45,764 INFO  DerbyHandler - Apertura del database C:\Users\tonio\Desktop\FISCO\DesktopTelematico/databases/Desktop avvenuta con successo.
2026-01-22 00:07:45,774 INFO  DerbyHandler - Creato lo statment <create table rcp.log_controllo_fi
(
id bigint primary key,
tipo_doc varchar(10),
utente varchar(250),
file_in_nome varchar(500),
file_in_dim bigint,
file_in_nrec bigint,
file_in_dt timestamp,
file_out_nome_dgn varchar(500),
file_out_nome_dcm varchar(500),
file_out_resp varchar(25),
file_out_dim_dgn bigint,
file_out_dim_dcm bigint,
file_out_dt timestamp,
soft_vers varchar(15),
soft_data varchar(20),
flag_tipo_contr varchar(5),
soft_vers_aut varchar(15),
soft_dt_aut varchar(15)
)>
2026-01-22 00:07:45,809 INFO  DerbyHandler - Creato lo statment <

create table rcp.log_autentica_fi
(
id bigint primary key,
tipo_doc varchar(10),
utente varchar(250),
file_in_nome varchar(500),
file_in_dim bigint,
file_in_nrec bigint,
file_in_dt timestamp,
file_out_nome varchar(500),
file_out_resp varchar(25),
file_out_dim bigint,
file_out_dt timestamp,
file_out_cfaut varchar(25),
soft_vers varchar(15),
soft_data varchar(20),
flag_hash varchar(5),
hash varchar(50),
soft_vers_aut varchar(15),
soft_dt_aut varchar(15)
)>
2026-01-22 00:07:45,822 INFO  DerbyHandler - Esecuzione script resources/tabelle_fi.sql avvenuta con successo.
2026-01-22 00:07:45,822 ERROR FileInternet - Activator - Creazione DB storico
2026-01-22 00:07:45,822 INFO  DerbyHandler - Apertura del database C:\Users\tonio\Desktop\FISCO\DesktopTelematico/databases/Desktop avvenuta con successo.
2026-01-22 00:07:45,823 INFO  DerbyHandler - Creato lo statment <create table rcp.log_firma_fi
(
id bigint primary key,
tipo_doc varchar(10),
utente varchar(250),
file_in_nome varchar(500),
file_in_dim bigint,
file_in_nrec bigint,
file_in_dt timestamp,
file_out_nome varchar(500),
file_out_resp varchar(25),
file_out_dim bigint,
file_out_dt timestamp,
file_out_cfaut varchar(25),
soft_vers varchar(15),
soft_data varchar(20),
soft_vers_aut varchar(15),
soft_dt_aut varchar(15),
cert_dt_inizio varchar(50),
cert_dt_scadenza varchar(50),
tipo_firma varchar(30)
)>
2026-01-22 00:07:45,833 INFO  DerbyHandler - Esecuzione script resources/tabelle_firma.sql avvenuta con successo.
2026-01-22 00:07:45,833 ERROR Entratel - Activator - Creazione DB storico - Firma
2026-01-22 00:07:57,368 DEBUG ControllaFileHandler - ControllaFileHandler - FI - 1
2026-01-22 00:07:57,370 DEBUG ControlloViewUtil - ControlloViewUtil - FI - 1
2026-01-22 00:07:57,370 DEBUG ControlloViewUtil - ControlloViewUtil - FI - 2
2026-01-22 00:07:57,371 INFO  Activator - crypto_conf/Cryptotools.properties
2026-01-22 00:07:57,371 INFO  Activator - crypto_conf/Policy.properties
2026-01-22 00:07:57,519 INFO  VerificaFileJob - verifica.file.incorso
2026-01-22 00:07:57,524 INFO  String - verifica.file.incorso
2026-01-22 00:07:57,565 INFO  File Internet - verifica.file.nonfirmato
2026-01-22 00:07:57,566 INFO  VerificaFileJob - verifica.file.recupero.codice.fornitura
2026-01-22 00:07:57,566 INFO  VerificaFileJob - verifica.file.recupero.codice.fornitura
2026-01-22 00:07:57,640 INFO  File Internet - verifica.file.codice.fornitura
2026-01-22 00:07:57,640 INFO  File Internet - verifica.file.completata
2026-01-22 00:07:57,640 INFO  VerificaFileJob - verifica.file.codice.fornitura
2026-01-22 00:07:57,640 INFO  VerificaFileJob - verifica.file.completata
2026-01-22 00:07:57,647 DEBUG ControlloViewUtil - ControlloViewUtil - FI - 3
2026-01-22 00:07:57,648 DEBUG ControlloViewUtil - ControlloViewUtil - FI - 4
2026-01-22 00:07:57,648 DEBUG ControlloViewUtil - ControlloViewUtil - FI - 5
2026-01-22 00:07:57,947 DEBUG ControllaFileHandler - ControllaFileHandler - FI - 2
2026-01-22 00:08:16,403 INFO  ControlloView - File da controllare: C:\Users\tonio\Documents\GCOND\CU_TEST.txt
2026-01-22 00:08:16,612 INFO  ControlloFileJob - Inizio controllo
2026-01-22 00:08:16,621 INFO  ControlloFileJob - Esecuzione controllo in corso...
2026-01-22 00:08:16,621 INFO  ControlloFileJob - Controllo completato
2026-01-22 00:08:16,631 INFO  DerbyHandler - Apertura del database C:\Users\tonio\Desktop\FISCO\DesktopTelematico/databases/Desktop avvenuta con successo.
2026-01-22 00:08:37,051 INFO  Integer - FileCopy.copyInto- fin:java.io.FileInputStream@6b2dd3df
2026-01-22 00:08:37,051 INFO  Integer - FileCopy.copyInto- fout::java.io.FileOutputStream@4db77402
2026-01-22 00:08:37,052 INFO  Integer - FileCopy.copyInto- bytes_scritti::3575
2026-01-22 00:08:37,052 INFO  Integer - FileCopy.copyInto- bytes_letti::3575
2026-01-22 00:08:37,052 INFO  Integer - FileCopy.copyInto- close
2026-01-22 00:15:41,572 DEBUG ControllaFileHandler - ControllaFileHandler - FI - 1
2026-01-22 00:15:41,572 DEBUG ControlloViewUtil - ControlloViewUtil - FI - 1
2026-01-22 00:15:41,572 DEBUG ControlloViewUtil - ControlloViewUtil - FI - 2
2026-01-22 00:15:41,600 INFO  VerificaFileJob - verifica.file.incorso
2026-01-22 00:15:41,600 INFO  File Internet - verifica.file.nonfirmato
2026-01-22 00:15:41,600 INFO  VerificaFileJob - verifica.file.recupero.codice.fornitura
2026-01-22 00:15:41,607 INFO  String - verifica.file.incorso
2026-01-22 00:15:41,607 INFO  VerificaFileJob - verifica.file.recupero.codice.fornitura
2026-01-22 00:15:41,663 INFO  File Internet - verifica.file.codice.fornitura
2026-01-22 00:15:41,663 INFO  File Internet - verifica.file.completata
2026-01-22 00:15:41,663 INFO  VerificaFileJob - verifica.file.codice.fornitura
2026-01-22 00:15:41,663 INFO  VerificaFileJob - verifica.file.completata
2026-01-22 00:15:41,670 DEBUG ControlloViewUtil - ControlloViewUtil - FI - 3
2026-01-22 00:15:41,670 DEBUG ControlloViewUtil - ControlloViewUtil - FI - 4
2026-01-22 00:15:41,670 DEBUG ControlloViewUtil - ControlloViewUtil - FI - 5
2026-01-22 00:15:41,842 DEBUG ControllaFileHandler - ControllaFileHandler - FI - 2
2026-01-22 00:15:52,025 INFO  ControlloView - File da controllare: C:\Users\tonio\Documents\GCOND\CU_2026_GCOND_TEST.txt
2026-01-22 00:15:52,039 INFO  ControlloFileJob - Inizio controllo
2026-01-22 00:15:52,040 INFO  ControlloFileJob - Esecuzione controllo in corso...
2026-01-22 00:15:52,040 INFO  ControlloFileJob - Controllo completato
2026-01-22 00:15:52,051 INFO  DerbyHandler - Apertura del database C:\Users\tonio\Desktop\FISCO\DesktopTelematico/databases/Desktop avvenuta con successo.
2026-01-22 00:15:55,330 INFO  Integer - FileCopy.copyInto- fin:java.io.FileInputStream@66f16742
2026-01-22 00:15:55,330 INFO  Integer - FileCopy.copyInto- fout::java.io.FileOutputStream@2871ac91
2026-01-22 00:15:55,330 INFO  Integer - FileCopy.copyInto- bytes_scritti::3586
2026-01-22 00:15:55,331 INFO  Integer - FileCopy.copyInto- bytes_letti::3586
2026-01-22 00:15:55,331 INFO  Integer - FileCopy.copyInto- close
2026-01-22 00:18:49,062 DEBUG ControllaFileHandler - ControllaFileHandler - FI - 1
2026-01-22 00:18:49,062 DEBUG ControlloViewUtil - ControlloViewUtil - FI - 1
2026-01-22 00:18:49,062 DEBUG ControlloViewUtil - ControlloViewUtil - FI - 2
2026-01-22 00:18:49,075 INFO  VerificaFileJob - verifica.file.incorso
2026-01-22 00:18:49,075 INFO  File Internet - verifica.file.nonfirmato
2026-01-22 00:18:49,075 INFO  VerificaFileJob - verifica.file.recupero.codice.fornitura
2026-01-22 00:18:49,079 INFO  String - verifica.file.incorso
2026-01-22 00:18:49,079 INFO  VerificaFileJob - verifica.file.recupero.codice.fornitura
2026-01-22 00:18:49,146 INFO  File Internet - verifica.file.codice.fornitura
2026-01-22 00:18:49,146 INFO  File Internet - verifica.file.completata
2026-01-22 00:18:49,147 INFO  VerificaFileJob - verifica.file.codice.fornitura
2026-01-22 00:18:49,147 INFO  VerificaFileJob - verifica.file.completata
2026-01-22 00:18:49,156 DEBUG ControlloViewUtil - ControlloViewUtil - FI - 3
2026-01-22 00:18:49,156 DEBUG ControlloViewUtil - ControlloViewUtil - FI - 4
2026-01-22 00:18:49,156 DEBUG ControlloViewUtil - ControlloViewUtil - FI - 5
2026-01-22 00:18:49,316 DEBUG ControllaFileHandler - ControllaFileHandler - FI - 2
2026-01-22 00:18:55,035 INFO  ControlloView - File da controllare: C:\Users\tonio\Documents\GCOND\CU_2025_GCOND_TEST2.txt
2026-01-22 00:18:55,048 INFO  ControlloFileJob - Inizio controllo
2026-01-22 00:18:55,049 INFO  ControlloFileJob - Esecuzione controllo in corso...
2026-01-22 00:18:55,049 INFO  ControlloFileJob - Controllo completato
2026-01-22 00:18:55,062 INFO  DerbyHandler - Apertura del database C:\Users\tonio\Desktop\FISCO\DesktopTelematico/databases/Desktop avvenuta con successo.
2026-01-22 00:18:57,599 INFO  Integer - FileCopy.copyInto- fin:java.io.FileInputStream@1c62c3fd
2026-01-22 00:18:57,599 INFO  Integer - FileCopy.copyInto- fout::java.io.FileOutputStream@734ce281
2026-01-22 00:18:57,599 INFO  Integer - FileCopy.copyInto- bytes_scritti::3587
2026-01-22 00:18:57,599 INFO  Integer - FileCopy.copyInto- bytes_letti::3587
2026-01-22 00:18:57,599 INFO  Integer - FileCopy.copyInto- close
2026-01-22 00:23:31,386 DEBUG ControllaFileHandler - ControllaFileHandler - FI - 1
2026-01-22 00:23:31,386 DEBUG ControlloViewUtil - ControlloViewUtil - FI - 1
2026-01-22 00:23:31,386 DEBUG ControlloViewUtil - ControlloViewUtil - FI - 2
2026-01-22 00:23:31,399 INFO  VerificaFileJob - verifica.file.incorso
2026-01-22 00:23:31,399 INFO  File Internet - verifica.file.nonfirmato
2026-01-22 00:23:31,399 INFO  VerificaFileJob - verifica.file.recupero.codice.fornitura
2026-01-22 00:23:31,403 INFO  String - verifica.file.incorso
2026-01-22 00:23:31,403 INFO  VerificaFileJob - verifica.file.recupero.codice.fornitura
2026-01-22 00:23:31,462 INFO  File Internet - verifica.file.codice.fornitura
2026-01-22 00:23:31,462 INFO  File Internet - verifica.file.completata
2026-01-22 00:23:31,462 INFO  VerificaFileJob - verifica.file.codice.fornitura
2026-01-22 00:23:31,463 INFO  VerificaFileJob - verifica.file.completata
2026-01-22 00:23:31,468 DEBUG ControlloViewUtil - ControlloViewUtil - FI - 3
2026-01-22 00:23:31,468 DEBUG ControlloViewUtil - ControlloViewUtil - FI - 4
2026-01-22 00:23:31,469 DEBUG ControlloViewUtil - ControlloViewUtil - FI - 5
2026-01-22 00:23:31,626 DEBUG ControllaFileHandler - ControllaFileHandler - FI - 2
2026-01-22 00:23:36,052 INFO  ControlloView - File da controllare: C:\Users\tonio\Documents\GCOND\CUR2025.txt
2026-01-22 00:23:36,064 INFO  ControlloFileJob - Inizio controllo
2026-01-22 00:23:36,066 INFO  ControlloFileJob - Esecuzione controllo in corso...
2026-01-22 00:23:36,066 INFO  ControlloFileJob - Controllo completato
2026-01-22 00:23:36,089 INFO  DerbyHandler - Apertura del database C:\Users\tonio\Desktop\FISCO\DesktopTelematico/databases/Desktop avvenuta con successo.
2026-01-22 00:23:38,315 INFO  Integer - FileCopy.copyInto- fin:java.io.FileInputStream@1682e6a
2026-01-22 00:23:38,315 INFO  Integer - FileCopy.copyInto- fout::java.io.FileOutputStream@505d2bac
2026-01-22 00:23:38,315 INFO  Integer - FileCopy.copyInto- bytes_scritti::3575
2026-01-22 00:23:38,315 INFO  Integer - FileCopy.copyInto- bytes_letti::3575
2026-01-22 00:23:38,315 INFO  Integer - FileCopy.copyInto- close
2026-01-22 00:26:40,346 DEBUG ControllaFileHandler - ControllaFileHandler - FI - 1
2026-01-22 00:26:40,347 DEBUG ControlloViewUtil - ControlloViewUtil - FI - 1
2026-01-22 00:26:40,347 DEBUG ControlloViewUtil - ControlloViewUtil - FI - 2
2026-01-22 00:26:40,361 INFO  VerificaFileJob - verifica.file.incorso
2026-01-22 00:26:40,362 INFO  File Internet - verifica.file.nonfirmato
2026-01-22 00:26:40,362 INFO  VerificaFileJob - verifica.file.recupero.codice.fornitura
2026-01-22 00:26:40,366 INFO  String - verifica.file.incorso
2026-01-22 00:26:40,366 INFO  VerificaFileJob - verifica.file.recupero.codice.fornitura
2026-01-22 00:26:40,433 INFO  File Internet - verifica.file.codice.fornitura
2026-01-22 00:26:40,433 INFO  File Internet - verifica.file.completata
2026-01-22 00:26:40,433 INFO  VerificaFileJob - verifica.file.codice.fornitura
2026-01-22 00:26:40,433 INFO  VerificaFileJob - verifica.file.completata
2026-01-22 00:26:40,440 DEBUG ControlloViewUtil - ControlloViewUtil - FI - 3
2026-01-22 00:26:40,440 DEBUG ControlloViewUtil - ControlloViewUtil - FI - 4
2026-01-22 00:26:40,440 DEBUG ControlloViewUtil - ControlloViewUtil - FI - 5
2026-01-22 00:26:40,599 DEBUG ControllaFileHandler - ControllaFileHandler - FI - 2
2026-01-22 00:26:49,103 INFO  ControlloView - File da controllare: C:\Users\tonio\Documents\GCOND\CU_2025_GCOND_ok.txt
2026-01-22 00:26:49,116 INFO  ControlloFileJob - Inizio controllo
2026-01-22 00:26:49,117 INFO  ControlloFileJob - Esecuzione controllo in corso...
2026-01-22 00:26:49,117 INFO  ControlloFileJob - Controllo completato
2026-01-22 00:26:49,127 INFO  DerbyHandler - Apertura del database C:\Users\tonio\Desktop\FISCO\DesktopTelematico/databases/Desktop avvenuta con successo.
2026-01-22 00:26:51,051 INFO  Integer - FileCopy.copyInto- fin:java.io.FileInputStream@15186ce0
2026-01-22 00:26:51,051 INFO  Integer - FileCopy.copyInto- fout::java.io.FileOutputStream@745926c3
2026-01-22 00:26:51,052 INFO  Integer - FileCopy.copyInto- bytes_scritti::3584
2026-01-22 00:26:51,052 INFO  Integer - FileCopy.copyInto- bytes_letti::3584
2026-01-22 00:26:51,052 INFO  Integer - FileCopy.copyInto- close
